WebappLoader[]: Deploying class repositories to work directory D:\Development\Prolog\AMZI Workspace\.metadata\.plugins\org.eclipse.tomcat\ROOT
ContextConfig[]: Ajout de certificats -> requête Attribut de Valve (attribute Valve)
StandardManager[]: Alimentation de la classe du générateur de nombre aléatoire java.security.SecureRandom
StandardManager[]: L'alimentation du générateur de nombre aléatoire est terminé
StandardWrapper[:default]: Chargement du conteneur (container) de servlet default
StandardWrapper[:invoker]: Chargement du conteneur (container) de servlet invoker
CoyoteConnector Coyote can't register jmx for protocol
WebappLoader[/help]: Deploying class repositories to work directory D:\Development\Prolog\AMZI Workspace\.metadata\.plugins\org.eclipse.tomcat\help
WebappLoader[/help]: Deploy JAR /WEB-INF/lib/jsp.jar to C:\Program Files\amzi\eclipse_3-2\plugins\org.eclipse.help.webapp_3.2.1.R321_v20060803\WEB-INF\lib\jsp.jar
WebappLoader[/help]: Deploy JAR /WEB-INF/lib/servlets.jar to C:\Program Files\amzi\eclipse_3-2\plugins\org.eclipse.help.webapp_3.2.1.R321_v20060803\WEB-INF\lib\servlets.jar
ContextConfig[/help]: Ajout de certificats -> requête Attribut de Valve (attribute Valve)
StandardManager[/help]: Alimentation de la classe du générateur de nombre aléatoire java.security.SecureRandom
StandardManager[/help]: L'alimentation du générateur de nombre aléatoire est terminé
StandardWrapper[/help:default]: Chargement du conteneur (container) de servlet default
StandardWrapper[/help:invoker]: Chargement du conteneur (container) de servlet invoker
WebappLoader[]: Deploying class repositories to work directory D:\Development\Prolog\AMZI Workspace\.metadata\.plugins\org.eclipse.tomcat\ROOT
ContextConfig[]: Ajout de certificats -> requête Attribut de Valve (attribute Valve)
StandardManager[]: Alimentation de la classe du générateur de nombre aléatoire java.security.SecureRandom
StandardManager[]: L'alimentation du générateur de nombre aléatoire est terminé
StandardWrapper[:default]: Chargement du conteneur (container) de servlet default
StandardWrapper[:invoker]: Chargement du conteneur (container) de servlet invoker
CoyoteConnector Coyote can't register jmx for protocol
WebappLoader[/help]: Deploying class repositories to work directory D:\Development\Prolog\AMZI Workspace\.metadata\.plugins\org.eclipse.tomcat\help
WebappLoader[/help]: Deploy JAR /WEB-INF/lib/jsp.jar to C:\Program Files\amzi\eclipse_3-2\plugins\org.eclipse.help.webapp_3.2.1.R321_v20060803\WEB-INF\lib\jsp.jar
WebappLoader[/help]: Deploy JAR /WEB-INF/lib/servlets.jar to C:\Program Files\amzi\eclipse_3-2\plugins\org.eclipse.help.webapp_3.2.1.R321_v20060803\WEB-INF\lib\servlets.jar
ContextConfig[/help]: Ajout de certificats -> requête Attribut de Valve (attribute Valve)
StandardManager[/help]: Alimentation de la classe du générateur de nombre aléatoire java.security.SecureRandom
StandardManager[/help]: L'alimentation du générateur de nombre aléatoire est terminé
StandardWrapper[/help:default]: Chargement du conteneur (container) de servlet default
StandardWrapper[/help:invoker]: Chargement du conteneur (container) de servlet invoker
WebappLoader[]: Deploying class repositories to work directory D:\Development\Prolog\AMZI Workspace\.metadata\.plugins\org.eclipse.tomcat\ROOT
ContextConfig[]: Ajout de certificats -> requête Attribut de Valve (attribute Valve)
StandardManager[]: Alimentation de la classe du générateur de nombre aléatoire java.security.SecureRandom
StandardManager[]: L'alimentation du générateur de nombre aléatoire est terminé
StandardWrapper[:default]: Chargement du conteneur (container) de servlet default
StandardWrapper[:invoker]: Chargement du conteneur (container) de servlet invoker
CoyoteConnector Coyote can't register jmx for protocol
WebappLoader[/help]: Deploying class repositories to work directory D:\Development\Prolog\AMZI Workspace\.metadata\.plugins\org.eclipse.tomcat\help
WebappLoader[/help]: Deploy JAR /WEB-INF/lib/jsp.jar to C:\Program Files\amzi\eclipse_3-2\plugins\org.eclipse.help.webapp_3.2.1.R321_v20060803\WEB-INF\lib\jsp.jar
WebappLoader[/help]: Deploy JAR /WEB-INF/lib/servlets.jar to C:\Program Files\amzi\eclipse_3-2\plugins\org.eclipse.help.webapp_3.2.1.R321_v20060803\WEB-INF\lib\servlets.jar
ContextConfig[/help]: Ajout de certificats -> requête Attribut de Valve (attribute Valve)
StandardManager[/help]: Alimentation de la classe du générateur de nombre aléatoire java.security.SecureRandom
StandardManager[/help]: L'alimentation du générateur de nombre aléatoire est terminé
StandardWrapper[/help:default]: Chargement du conteneur (container) de servlet default
StandardWrapper[/help:invoker]: Chargement du conteneur (container) de servlet invoker
